2019-02-18 17:05:31,632 DEBUG [main] [org.apache.ibatis.logging.LogFactory] - Logging initialized using 'class org.apache.ibatis.logging.log4j.Log4jImpl' adapter.
2019-02-18 17:05:32,148 DEBUG [main] [org.apache.ibatis.io.VFS] - Using VFS adapter tk.mybatis.mapper.autoconfigure.SpringBootVFS
2019-02-18 17:05:32,172 DEBUG [main] [org.apache.ibatis.io.ResolverUtil] - Checking to see if class com.nfdw.entity.CurrentMenu matches criteria [is assignable to Object]
2019-02-18 17:05:32,197 DEBUG [main] [org.apache.ibatis.io.ResolverUtil] - Checking to see if class com.nfdw.entity.CurrentRole matches criteria [is assignable to Object]
2019-02-18 17:05:32,199 DEBUG [main] [org.apache.ibatis.io.ResolverUtil] - Checking to see if class com.nfdw.entity.CurrentUser matches criteria [is assignable to Object]
2019-02-18 17:05:32,201 DEBUG [main] [org.apache.ibatis.io.ResolverUtil] - Checking to see if class com.nfdw.entity.Dictionary matches criteria [is assignable to Object]
2019-02-18 17:05:32,203 DEBUG [main] [org.apache.ibatis.io.ResolverUtil] - Checking to see if class com.nfdw.entity.PageData matches criteria [is assignable to Object]
2019-02-18 17:05:32,204 DEBUG [main] [org.apache.ibatis.io.ResolverUtil] - Checking to see if class com.nfdw.entity.Permission matches criteria [is assignable to Object]
2019-02-18 17:05:32,205 DEBUG [main] [org.apache.ibatis.io.ResolverUtil] - Checking to see if class com.nfdw.entity.SysDepartment matches criteria [is assignable to Object]
2019-02-18 17:05:32,207 DEBUG [main] [org.apache.ibatis.io.ResolverUtil] - Checking to see if class com.nfdw.entity.SysJob matches criteria [is assignable to Object]
2019-02-18 17:05:32,207 DEBUG [main] [org.apache.ibatis.io.ResolverUtil] - Checking to see if class com.nfdw.entity.SysLog matches criteria [is assignable to Object]
2019-02-18 17:05:32,208 DEBUG [main] [org.apache.ibatis.io.ResolverUtil] - Checking to see if class com.nfdw.entity.SysMenu matches criteria [is assignable to Object]
2019-02-18 17:05:32,208 DEBUG [main] [org.apache.ibatis.io.ResolverUtil] - Checking to see if class com.nfdw.entity.SysRole matches criteria [is assignable to Object]
2019-02-18 17:05:32,212 DEBUG [main] [org.apache.ibatis.io.ResolverUtil] - Checking to see if class com.nfdw.entity.SysRoleMenu matches criteria [is assignable to Object]
2019-02-18 17:05:32,214 DEBUG [main] [org.apache.ibatis.io.ResolverUtil] - Checking to see if class com.nfdw.entity.SysRoleUser matches criteria [is assignable to Object]
2019-02-18 17:05:32,215 DEBUG [main] [org.apache.ibatis.io.ResolverUtil] - Checking to see if class com.nfdw.entity.SysUser matches criteria [is assignable to Object]
2019-02-18 17:05:32,215 DEBUG [main] [org.apache.ibatis.io.ResolverUtil] - Checking to see if class com.nfdw.entity.User matches criteria [is assignable to Object]
2019-02-18 17:05:32,216 DEBUG [main] [org.apache.ibatis.io.ResolverUtil] - Checking to see if class com.nfdw.entity.ActAssignee matches criteria [is assignable to Object]
2019-02-18 17:05:32,230 DEBUG [main] [org.apache.ibatis.io.ResolverUtil] - Checking to see if class com.nfdw.entity.ActDeployment matches criteria [is assignable to Object]
2019-02-18 17:05:32,232 DEBUG [main] [org.apache.ibatis.io.ResolverUtil] - Checking to see if class com.nfdw.entity.ActModel matches criteria [is assignable to Object]
2019-02-18 17:05:32,233 DEBUG [main] [org.apache.ibatis.io.ResolverUtil] - Checking to see if class com.nfdw.entity.BaseTask matches criteria [is assignable to Object]
2019-02-18 17:05:32,236 DEBUG [main] [org.apache.ibatis.io.ResolverUtil] - Checking to see if class com.nfdw.entity.LeaveOpinion matches criteria [is assignable to Object]
2019-02-18 17:05:32,238 DEBUG [main] [org.apache.ibatis.io.ResolverUtil] - Checking to see if class com.nfdw.entity.ProcessDefinition matches criteria [is assignable to Object]
2019-02-18 17:05:32,240 DEBUG [main] [org.apache.ibatis.io.ResolverUtil] - Checking to see if class com.nfdw.entity.ProcessInstanceInfo matches criteria [is assignable to Object]
2019-02-18 17:05:32,242 DEBUG [main] [org.apache.ibatis.io.ResolverUtil] - Checking to see if class com.nfdw.entity.Task matches criteria [is assignable to Object]
2019-02-18 17:05:32,244 DEBUG [main] [org.apache.ibatis.io.ResolverUtil] - Checking to see if class com.nfdw.entity.UserLeave matches criteria [is assignable to Object]
2019-02-18 17:05:32,245 DEBUG [main] [org.apache.ibatis.io.ResolverUtil] - Checking to see if class com.nfdw.entity.CurrentMenu matches criteria [is assignable to Object]
2019-02-18 17:05:32,245 DEBUG [main] [org.apache.ibatis.io.ResolverUtil] - Checking to see if class com.nfdw.entity.CurrentRole matches criteria [is assignable to Object]
2019-02-18 17:05:32,245 DEBUG [main] [org.apache.ibatis.io.ResolverUtil] - Checking to see if class com.nfdw.entity.CurrentUser matches criteria [is assignable to Object]
2019-02-18 17:05:32,246 DEBUG [main] [org.apache.ibatis.io.ResolverUtil] - Checking to see if class com.nfdw.entity.Dictionary matches criteria [is assignable to Object]
2019-02-18 17:05:32,246 DEBUG [main] [org.apache.ibatis.io.ResolverUtil] - Checking to see if class com.nfdw.entity.PageData matches criteria [is assignable to Object]
2019-02-18 17:05:32,246 DEBUG [main] [org.apache.ibatis.io.ResolverUtil] - Checking to see if class com.nfdw.entity.Permission matches criteria [is assignable to Object]
2019-02-18 17:05:32,246 DEBUG [main] [org.apache.ibatis.io.ResolverUtil] - Checking to see if class com.nfdw.entity.SysDepartment matches criteria [is assignable to Object]
2019-02-18 17:05:32,247 DEBUG [main] [org.apache.ibatis.io.ResolverUtil] - Checking to see if class com.nfdw.entity.SysJob matches criteria [is assignable to Object]
2019-02-18 17:05:32,247 DEBUG [main] [org.apache.ibatis.io.ResolverUtil] - Checking to see if class com.nfdw.entity.SysLog matches criteria [is assignable to Object]
2019-02-18 17:05:32,247 DEBUG [main] [org.apache.ibatis.io.ResolverUtil] - Checking to see if class com.nfdw.entity.SysMenu matches criteria [is assignable to Object]
2019-02-18 17:05:32,247 DEBUG [main] [org.apache.ibatis.io.ResolverUtil] - Checking to see if class com.nfdw.entity.SysRole matches criteria [is assignable to Object]
2019-02-18 17:05:32,247 DEBUG [main] [org.apache.ibatis.io.ResolverUtil] - Checking to see if class com.nfdw.entity.SysRoleMenu matches criteria [is assignable to Object]
2019-02-18 17:05:32,247 DEBUG [main] [org.apache.ibatis.io.ResolverUtil] - Checking to see if class com.nfdw.entity.SysRoleUser matches criteria [is assignable to Object]
2019-02-18 17:05:32,247 DEBUG [main] [org.apache.ibatis.io.ResolverUtil] - Checking to see if class com.nfdw.entity.SysUser matches criteria [is assignable to Object]
2019-02-18 17:05:32,247 DEBUG [main] [org.apache.ibatis.io.ResolverUtil] - Checking to see if class com.nfdw.entity.User matches criteria [is assignable to Object]
2019-02-18 17:05:32,247 DEBUG [main] [org.apache.ibatis.io.ResolverUtil] - Checking to see if class com.nfdw.entity.ActAssignee matches criteria [is assignable to Object]
2019-02-18 17:05:32,247 DEBUG [main] [org.apache.ibatis.io.ResolverUtil] - Checking to see if class com.nfdw.entity.ActDeployment matches criteria [is assignable to Object]
2019-02-18 17:05:32,248 DEBUG [main] [org.apache.ibatis.io.ResolverUtil] - Checking to see if class com.nfdw.entity.ActModel matches criteria [is assignable to Object]
2019-02-18 17:05:32,248 DEBUG [main] [org.apache.ibatis.io.ResolverUtil] - Checking to see if class com.nfdw.entity.BaseTask matches criteria [is assignable to Object]
2019-02-18 17:05:32,248 DEBUG [main] [org.apache.ibatis.io.ResolverUtil] - Checking to see if class com.nfdw.entity.LeaveOpinion matches criteria [is assignable to Object]
2019-02-18 17:05:32,248 DEBUG [main] [org.apache.ibatis.io.ResolverUtil] - Checking to see if class com.nfdw.entity.ProcessDefinition matches criteria [is assignable to Object]
2019-02-18 17:05:32,248 DEBUG [main] [org.apache.ibatis.io.ResolverUtil] - Checking to see if class com.nfdw.entity.ProcessInstanceInfo matches criteria [is assignable to Object]
2019-02-18 17:05:32,248 DEBUG [main] [org.apache.ibatis.io.ResolverUtil] - Checking to see if class com.nfdw.entity.Task matches criteria [is assignable to Object]
2019-02-18 17:05:32,248 DEBUG [main] [org.apache.ibatis.io.ResolverUtil] - Checking to see if class com.nfdw.entity.UserLeave matches criteria [is assignable to Object]
2019-02-18 17:05:32,265 DEBUG [main] [org.mybatis.spring.SqlSessionFactoryBean] - Scanned package: 'com.nfdw.entity' for aliases
2019-02-18 17:05:33,971 DEBUG [main] [org.mybatis.spring.SqlSessionFactoryBean] - Parsed mapper file: 'file [D:\Workspaces\MyEclipse 10\nfdw-basic\nfdw-core\target\classes\mapper\DictionaryMapper.xml]'
2019-02-18 17:05:34,044 DEBUG [main] [org.mybatis.spring.SqlSessionFactoryBean] - Parsed mapper file: 'file [D:\Workspaces\MyEclipse 10\nfdw-basic\nfdw-sys\target\classes\mapper\SysDepartmentMapper.xml]'
2019-02-18 17:05:34,067 DEBUG [main] [org.mybatis.spring.SqlSessionFactoryBean] - Parsed mapper file: 'file [D:\Workspaces\MyEclipse 10\nfdw-basic\nfdw-sys\target\classes\mapper\SysJobMapper.xml]'
2019-02-18 17:05:34,104 DEBUG [main] [org.mybatis.spring.SqlSessionFactoryBean] - Parsed mapper file: 'file [D:\Workspaces\MyEclipse 10\nfdw-basic\nfdw-sys\target\classes\mapper\SysLogMapper.xml]'
2019-02-18 17:05:34,133 DEBUG [main] [org.mybatis.spring.SqlSessionFactoryBean] - Parsed mapper file: 'file [D:\Workspaces\MyEclipse 10\nfdw-basic\nfdw-sys\target\classes\mapper\SysMenuMapper.xml]'
2019-02-18 17:05:34,172 DEBUG [main] [org.mybatis.spring.SqlSessionFactoryBean] - Parsed mapper file: 'file [D:\Workspaces\MyEclipse 10\nfdw-basic\nfdw-sys\target\classes\mapper\SysRoleMapper.xml]'
2019-02-18 17:05:34,190 DEBUG [main] [org.mybatis.spring.SqlSessionFactoryBean] - Parsed mapper file: 'file [D:\Workspaces\MyEclipse 10\nfdw-basic\nfdw-sys\target\classes\mapper\SysRoleMenuMapper.xml]'
2019-02-18 17:05:34,207 DEBUG [main] [org.mybatis.spring.SqlSessionFactoryBean] - Parsed mapper file: 'file [D:\Workspaces\MyEclipse 10\nfdw-basic\nfdw-sys\target\classes\mapper\SysRoleUserMapper.xml]'
2019-02-18 17:05:34,239 DEBUG [main] [org.mybatis.spring.SqlSessionFactoryBean] - Parsed mapper file: 'file [D:\Workspaces\MyEclipse 10\nfdw-basic\nfdw-sys\target\classes\mapper\SysUserMapper.xml]'
2019-02-18 17:05:34,256 DEBUG [main] [org.mybatis.spring.SqlSessionFactoryBean] - Parsed mapper file: 'file [D:\Workspaces\MyEclipse 10\nfdw-basic\nfdw-activiti\target\classes\mapper\ActAssigneeMapper.xml]'
2019-02-18 17:05:34,275 DEBUG [main] [org.mybatis.spring.SqlSessionFactoryBean] - Parsed mapper file: 'file [D:\Workspaces\MyEclipse 10\nfdw-basic\nfdw-activiti\target\classes\mapper\UserLeaveMapper.xml]'
2019-02-18 17:05:34,318 DEBUG [main] [org.mybatis.spring.SqlSessionFactoryBean] - Parsed mapper file: 'file [D:\Workspaces\MyEclipse 10\nfdw-basic\nfdw-section\target\classes\mapper\DepartmentApplyMapper.xml]'
2019-02-18 17:05:34,343 DEBUG [main] [org.mybatis.spring.SqlSessionFactoryBean] - Parsed mapper file: 'file [D:\Workspaces\MyEclipse 10\nfdw-basic\nfdw-equipment\target\classes\mapper\EquipmentMapper.xml]'
2019-02-18 17:05:34,361 DEBUG [main] [org.mybatis.spring.SqlSessionFactoryBean] - Parsed mapper file: 'file [D:\Workspaces\MyEclipse 10\nfdw-basic\nfdw-equipment\target\classes\mapper\TerminalMapper.xml]'
2019-02-18 17:05:34,376 DEBUG [main] [org.mybatis.spring.SqlSessionFactoryBean] - Parsed mapper file: 'file [D:\Workspaces\MyEclipse 10\nfdw-basic\nfdw-equipment\target\classes\mapper\TerminalPerformanceMapper.xml]'
2019-02-18 17:05:34,397 DEBUG [main] [org.mybatis.spring.SqlSessionFactoryBean] - Parsed mapper file: 'file [D:\Workspaces\MyEclipse 10\nfdw-basic\nfdw-equipment\target\classes\mapper\TerminalWarningMapper.xml]'
2019-02-18 17:05:34,413 DEBUG [main] [org.mybatis.spring.SqlSessionFactoryBean] - Parsed mapper file: 'file [D:\Workspaces\MyEclipse 10\nfdw-basic\nfdw-card\target\classes\mapper\CardFlowMapper.xml]'
2019-02-18 17:05:34,482 DEBUG [main] [org.mybatis.spring.SqlSessionFactoryBean] - Parsed mapper file: 'file [D:\Workspaces\MyEclipse 10\nfdw-basic\nfdw-card\target\classes\mapper\CardMapper.xml]'
2019-02-18 17:05:34,498 DEBUG [main] [org.mybatis.spring.SqlSessionFactoryBean] - Parsed mapper file: 'file [D:\Workspaces\MyEclipse 10\nfdw-basic\nfdw-card\target\classes\mapper\DnManagementMapper.xml]'
2019-02-18 17:05:34,519 DEBUG [main] [org.mybatis.spring.SqlSessionFactoryBean] - Parsed mapper file: 'file [D:\Workspaces\MyEclipse 10\nfdw-basic\nfdw-card\target\classes\mapper\LineManageMapper.xml]'
2019-02-18 17:05:34,535 DEBUG [main] [org.mybatis.spring.SqlSessionFactoryBean] - Parsed mapper file: 'file [D:\Workspaces\MyEclipse 10\nfdw-basic\nfdw-card\target\classes\mapper\PublicCableManageMapper.xml]'
2019-02-18 17:05:34,555 DEBUG [main] [org.mybatis.spring.SqlSessionFactoryBean] - Parsed mapper file: 'file [D:\Workspaces\MyEclipse 10\nfdw-basic\nfdw-home\target\classes\mapper\ScreenHomeMapper.xml]'
2019-02-18 17:06:04,635 DEBUG [main] [org.apache.ibatis.logging.LogFactory] - Logging initialized using 'class org.apache.ibatis.logging.log4j.Log4jImpl' adapter.
2019-02-18 17:06:19,042 DEBUG [Thread-4] [org.mybatis.spring.SqlSessionUtils] - Creating a new SqlSession
2019-02-18 17:06:19,132 DEBUG [Thread-4] [org.mybatis.spring.SqlSessionUtils] - Registering transaction synchronization for SqlSession [org.apache.ibatis.session.defaults.DefaultSqlSession@ebafa2b]
2019-02-18 17:06:20,606 DEBUG [Thread-4] [org.mybatis.spring.transaction.SpringManagedTransaction] - JDBC Connection [com.alibaba.druid.proxy.jdbc.ConnectionProxyImpl@6185cb0] will be managed by Spring
2019-02-18 17:06:20,619 DEBUG [Thread-4] [com.nfdw.mapper.SysJobMapper.selectListByPage] - ==>  Preparing: SELECT * from sys_job WHERE status =? 
2019-02-18 17:06:20,647 DEBUG [Thread-4] [com.nfdw.mapper.SysJobMapper.selectListByPage] - ==> Parameters: true(Boolean)
2019-02-18 17:06:20,707 DEBUG [Thread-4] [com.nfdw.mapper.SysJobMapper.selectListByPage] - <==      Total: 0
2019-02-18 17:06:20,708 DEBUG [Thread-4] [org.mybatis.spring.SqlSessionUtils] - Releasing transactional SqlSession [org.apache.ibatis.session.defaults.DefaultSqlSession@ebafa2b]
2019-02-18 17:06:20,708 DEBUG [Thread-4] [org.mybatis.spring.SqlSessionUtils] - Transaction synchronization committing SqlSession [org.apache.ibatis.session.defaults.DefaultSqlSession@ebafa2b]
2019-02-18 17:06:20,708 DEBUG [Thread-4] [org.mybatis.spring.SqlSessionUtils] - Transaction synchronization deregistering SqlSession [org.apache.ibatis.session.defaults.DefaultSqlSession@ebafa2b]
2019-02-18 17:06:20,708 DEBUG [Thread-4] [org.mybatis.spring.SqlSessionUtils] - Transaction synchronization closing SqlSession [org.apache.ibatis.session.defaults.DefaultSqlSession@ebafa2b]
2019-02-18 17:08:58,678 DEBUG [http-nio-8081-exec-2] [org.mybatis.spring.SqlSessionUtils] - Creating a new SqlSession
2019-02-18 17:08:58,692 DEBUG [http-nio-8081-exec-2] [org.mybatis.spring.SqlSessionUtils] - SqlSession [org.apache.ibatis.session.defaults.DefaultSqlSession@6655e04c] was not registered for synchronization because synchronization is not active
2019-02-18 17:08:58,752 DEBUG [http-nio-8081-exec-2] [org.mybatis.spring.transaction.SpringManagedTransaction] - JDBC Connection [com.alibaba.druid.proxy.jdbc.ConnectionProxyImpl@6185cb0] will not be managed by Spring
2019-02-18 17:08:58,753 DEBUG [http-nio-8081-exec-2] [com.nfdw.mapper.SysUserMapper.login] - ==>  Preparing: select u.*,d.gzarea from sys_user u left join sys_department d on u.department_id = d.id where u.username=? 
2019-02-18 17:08:58,801 DEBUG [http-nio-8081-exec-2] [com.nfdw.mapper.SysUserMapper.login] - ==> Parameters: admin(String)
2019-02-18 17:08:59,062 DEBUG [http-nio-8081-exec-2] [com.nfdw.mapper.SysUserMapper.login] - <==      Total: 1
2019-02-18 17:08:59,063 DEBUG [http-nio-8081-exec-2] [org.mybatis.spring.SqlSessionUtils] - Closing non transactional SqlSession [org.apache.ibatis.session.defaults.DefaultSqlSession@6655e04c]
2019-02-18 17:08:59,066 DEBUG [http-nio-8081-exec-2] [org.mybatis.spring.SqlSessionUtils] - Creating a new SqlSession
2019-02-18 17:08:59,066 DEBUG [http-nio-8081-exec-2] [org.mybatis.spring.SqlSessionUtils] - SqlSession [org.apache.ibatis.session.defaults.DefaultSqlSession@5c3f384] was not registered for synchronization because synchronization is not active
2019-02-18 17:08:59,067 DEBUG [http-nio-8081-exec-2] [org.mybatis.spring.transaction.SpringManagedTransaction] - JDBC Connection [com.alibaba.druid.proxy.jdbc.ConnectionProxyImpl@6185cb0] will not be managed by Spring
2019-02-18 17:08:59,067 DEBUG [http-nio-8081-exec-2] [com.nfdw.mapper.SysMenuMapper.getUserMenu] - ==>  Preparing: select concat(?,m.url) as url, m.*,r.id as rid,r.role_name as role_name,r.remark as remark from sys_menu m left join sys_role_menu rm on m.id=rm.menu_id left join sys_role r on rm.role_id=r.id left join sys_role_user ru on r.id=ru.role_id where ru.user_id =? order by m.order_num asc 
2019-02-18 17:08:59,120 DEBUG [http-nio-8081-exec-2] [com.nfdw.mapper.SysMenuMapper.getUserMenu] - ==> Parameters: /nfdw-admin(String), acfc0e9232f54732a5d9ffe9071bf572(String)
2019-02-18 17:08:59,523 DEBUG [http-nio-8081-exec-2] [com.nfdw.mapper.SysMenuMapper.getUserMenu] - <==      Total: 52
2019-02-18 17:08:59,524 DEBUG [http-nio-8081-exec-2] [org.mybatis.spring.SqlSessionUtils] - Closing non transactional SqlSession [org.apache.ibatis.session.defaults.DefaultSqlSession@5c3f384]
2019-02-18 17:09:57,426 DEBUG [http-nio-8081-exec-8] [org.mybatis.spring.SqlSessionUtils] - Creating a new SqlSession
2019-02-18 17:09:57,427 DEBUG [http-nio-8081-exec-8] [org.mybatis.spring.SqlSessionUtils] - SqlSession [org.apache.ibatis.session.defaults.DefaultSqlSession@2f9cdfe2] was not registered for synchronization because synchronization is not active
2019-02-18 17:09:57,427 DEBUG [http-nio-8081-exec-8] [org.mybatis.spring.transaction.SpringManagedTransaction] - JDBC Connection [com.alibaba.druid.proxy.jdbc.ConnectionProxyImpl@6185cb0] will not be managed by Spring
2019-02-18 17:09:57,427 DEBUG [http-nio-8081-exec-8] [com.nfdw.mapper.SysUserMapper.login] - ==>  Preparing: select u.*,d.gzarea from sys_user u left join sys_department d on u.department_id = d.id where u.username=? 
2019-02-18 17:09:57,429 DEBUG [http-nio-8081-exec-8] [com.nfdw.mapper.SysUserMapper.login] - ==> Parameters: test(String)
2019-02-18 17:09:57,477 DEBUG [http-nio-8081-exec-8] [com.nfdw.mapper.SysUserMapper.login] - <==      Total: 0
2019-02-18 17:09:57,477 DEBUG [http-nio-8081-exec-8] [org.mybatis.spring.SqlSessionUtils] - Closing non transactional SqlSession [org.apache.ibatis.session.defaults.DefaultSqlSession@2f9cdfe2]
2019-02-18 17:11:51,646 DEBUG [http-nio-8081-exec-9] [org.mybatis.spring.SqlSessionUtils] - Creating a new SqlSession
2019-02-18 17:11:51,646 DEBUG [http-nio-8081-exec-9] [org.mybatis.spring.SqlSessionUtils] - SqlSession [org.apache.ibatis.session.defaults.DefaultSqlSession@57545da9] was not registered for synchronization because synchronization is not active
2019-02-18 17:11:51,688 DEBUG [http-nio-8081-exec-9] [org.mybatis.spring.transaction.SpringManagedTransaction] - JDBC Connection [com.alibaba.druid.proxy.jdbc.ConnectionProxyImpl@6185cb0] will not be managed by Spring
2019-02-18 17:11:51,688 DEBUG [http-nio-8081-exec-9] [com.nfdw.mapper.SysUserMapper.login] - ==>  Preparing: select u.*,d.gzarea from sys_user u left join sys_department d on u.department_id = d.id where u.username=? 
2019-02-18 17:11:51,690 DEBUG [http-nio-8081-exec-9] [com.nfdw.mapper.SysUserMapper.login] - ==> Parameters: admin(String)
2019-02-18 17:11:51,734 DEBUG [http-nio-8081-exec-9] [com.nfdw.mapper.SysUserMapper.login] - <==      Total: 1
2019-02-18 17:11:51,735 DEBUG [http-nio-8081-exec-9] [org.mybatis.spring.SqlSessionUtils] - Closing non transactional SqlSession [org.apache.ibatis.session.defaults.DefaultSqlSession@57545da9]
2019-02-18 17:11:51,735 DEBUG [http-nio-8081-exec-9] [org.mybatis.spring.SqlSessionUtils] - Creating a new SqlSession
2019-02-18 17:11:51,736 DEBUG [http-nio-8081-exec-9] [org.mybatis.spring.SqlSessionUtils] - SqlSession [org.apache.ibatis.session.defaults.DefaultSqlSession@377ba2e6] was not registered for synchronization because synchronization is not active
2019-02-18 17:11:51,736 DEBUG [http-nio-8081-exec-9] [org.mybatis.spring.transaction.SpringManagedTransaction] - JDBC Connection [com.alibaba.druid.proxy.jdbc.ConnectionProxyImpl@6185cb0] will not be managed by Spring
2019-02-18 17:11:51,736 DEBUG [http-nio-8081-exec-9] [com.nfdw.mapper.SysMenuMapper.getUserMenu] - ==>  Preparing: select concat(?,m.url) as url, m.*,r.id as rid,r.role_name as role_name,r.remark as remark from sys_menu m left join sys_role_menu rm on m.id=rm.menu_id left join sys_role r on rm.role_id=r.id left join sys_role_user ru on r.id=ru.role_id where ru.user_id =? order by m.order_num asc 
2019-02-18 17:11:51,737 DEBUG [http-nio-8081-exec-9] [com.nfdw.mapper.SysMenuMapper.getUserMenu] - ==> Parameters: /nfdw-admin(String), acfc0e9232f54732a5d9ffe9071bf572(String)
2019-02-18 17:11:51,903 DEBUG [http-nio-8081-exec-9] [com.nfdw.mapper.SysMenuMapper.getUserMenu] - <==      Total: 52
2019-02-18 17:11:51,903 DEBUG [http-nio-8081-exec-9] [org.mybatis.spring.SqlSessionUtils] - Closing non transactional SqlSession [org.apache.ibatis.session.defaults.DefaultSqlSession@377ba2e6]
2019-02-18 17:11:58,047 DEBUG [http-nio-8081-exec-10] [org.mybatis.spring.SqlSessionUtils] - Creating a new SqlSession
2019-02-18 17:11:58,048 DEBUG [http-nio-8081-exec-10] [org.mybatis.spring.SqlSessionUtils] - Registering transaction synchronization for SqlSession [org.apache.ibatis.session.defaults.DefaultSqlSession@2eb93c31]
2019-02-18 17:11:58,048 DEBUG [http-nio-8081-exec-10] [org.mybatis.spring.transaction.SpringManagedTransaction] - JDBC Connection [com.alibaba.druid.proxy.jdbc.ConnectionProxyImpl@6185cb0] will be managed by Spring
2019-02-18 17:11:58,049 DEBUG [http-nio-8081-exec-10] [screenHomeMapper.selectEquipmentBusinesstypeCount] - ==>  Preparing: select (select count(*) from b_ct_terminal) as total ,(select count(*) from b_ct_terminal where businesstype=1) as peiwang ,(select count(*) from b_ct_terminal where businesstype=2) as jiliang ,(select count(*) from b_ct_terminal where businesstype=3) as cdz ,(select count(*) from b_ct_terminal where businesstype=4) as sd ,(select count(*) from b_ct_terminal where businesstype=5) as dy ,(select count(*) from b_ct_terminal where businesstype=6) as jc ,(select count(*) from b_ct_terminal where businesstype=7) as fc ,(select count(*) from b_ct_terminal where businesstype=8) as pb 
2019-02-18 17:11:58,308 DEBUG [http-nio-8081-exec-10] [screenHomeMapper.selectEquipmentBusinesstypeCount] - ==> Parameters: 
2019-02-18 17:11:58,356 DEBUG [http-nio-8081-exec-10] [screenHomeMapper.selectEquipmentBusinesstypeCount] - <==      Total: 1
2019-02-18 17:11:58,357 DEBUG [http-nio-8081-exec-10] [org.mybatis.spring.SqlSessionUtils] - Releasing transactional SqlSession [org.apache.ibatis.session.defaults.DefaultSqlSession@2eb93c31]
2019-02-18 17:11:58,357 DEBUG [http-nio-8081-exec-10] [org.mybatis.spring.SqlSessionUtils] - Transaction synchronization committing SqlSession [org.apache.ibatis.session.defaults.DefaultSqlSession@2eb93c31]
2019-02-18 17:11:58,358 DEBUG [http-nio-8081-exec-10] [org.mybatis.spring.SqlSessionUtils] - Transaction synchronization deregistering SqlSession [org.apache.ibatis.session.defaults.DefaultSqlSession@2eb93c31]
2019-02-18 17:11:58,374 DEBUG [http-nio-8081-exec-10] [org.mybatis.spring.SqlSessionUtils] - Transaction synchronization closing SqlSession [org.apache.ibatis.session.defaults.DefaultSqlSession@2eb93c31]
2019-02-18 17:11:58,526 DEBUG [http-nio-8081-exec-2] [org.mybatis.spring.SqlSessionUtils] - Creating a new SqlSession
2019-02-18 17:11:58,526 DEBUG [http-nio-8081-exec-2] [org.mybatis.spring.SqlSessionUtils] - Registering transaction synchronization for SqlSession [org.apache.ibatis.session.defaults.DefaultSqlSession@6cebf6f9]
2019-02-18 17:11:58,528 DEBUG [http-nio-8081-exec-2] [org.mybatis.spring.transaction.SpringManagedTransaction] - JDBC Connection [com.alibaba.druid.proxy.jdbc.ConnectionProxyImpl@6185cb0] will be managed by Spring
2019-02-18 17:11:58,528 DEBUG [http-nio-8081-exec-2] [screenHomeMapper.selectOutlineNumOfRegion] - ==>  Preparing: SELECT t.dvalue as regionName,t.code as regionId, CAST(sum(CASE WHEN b.status = 0 or b.status IS NULL THEN 0 ELSE 1 END) AS SIGNED)AS onlineNum, CAST(sum(CASE WHEN b.status = 0 THEN 1 ELSE 0 END) AS SIGNED) AS outlineNum FROM b_ct_terminal b RIGHT JOIN t_system_dictionary t ON b.regionid = t.code WHERE t.dgroup='region_type' GROUP BY t.code; 
2019-02-18 17:11:58,584 DEBUG [http-nio-8081-exec-2] [screenHomeMapper.selectOutlineNumOfRegion] - ==> Parameters: 
2019-02-18 17:11:58,628 DEBUG [http-nio-8081-exec-2] [screenHomeMapper.selectOutlineNumOfRegion] - <==      Total: 12
2019-02-18 17:11:58,628 DEBUG [http-nio-8081-exec-2] [org.mybatis.spring.SqlSessionUtils] - Releasing transactional SqlSession [org.apache.ibatis.session.defaults.DefaultSqlSession@6cebf6f9]
2019-02-18 17:11:58,672 DEBUG [http-nio-8081-exec-2] [org.mybatis.spring.SqlSessionUtils] - Transaction synchronization committing SqlSession [org.apache.ibatis.session.defaults.DefaultSqlSession@6cebf6f9]
2019-02-18 17:11:58,672 DEBUG [http-nio-8081-exec-2] [org.mybatis.spring.SqlSessionUtils] - Transaction synchronization deregistering SqlSession [org.apache.ibatis.session.defaults.DefaultSqlSession@6cebf6f9]
2019-02-18 17:11:58,672 DEBUG [http-nio-8081-exec-2] [org.mybatis.spring.SqlSessionUtils] - Transaction synchronization closing SqlSession [org.apache.ibatis.session.defaults.DefaultSqlSession@6cebf6f9]
2019-02-18 17:11:58,792 DEBUG [http-nio-8081-exec-9] [org.mybatis.spring.SqlSessionUtils] - Creating a new SqlSession
2019-02-18 17:11:58,793 DEBUG [http-nio-8081-exec-9] [org.mybatis.spring.SqlSessionUtils] - Registering transaction synchronization for SqlSession [org.apache.ibatis.session.defaults.DefaultSqlSession@51c422cf]
2019-02-18 17:11:58,794 DEBUG [http-nio-8081-exec-9] [org.mybatis.spring.transaction.SpringManagedTransaction] - JDBC Connection [com.alibaba.druid.proxy.jdbc.ConnectionProxyImpl@6185cb0] will be managed by Spring
2019-02-18 17:11:58,794 DEBUG [http-nio-8081-exec-9] [screenHomeMapper.findCardFlowData] - ==>  Preparing: select IFNULL(SUM(a.dayflow),0) dayflow,b.dvalue operator from r_cardflow_report a right join t_system_dictionary b on a.operator=b.code and date_format(collectdate,'%Y-%m-%d') where b.dgroup='operator_type' group by b.dvalue; 
2019-02-18 17:11:58,796 DEBUG [http-nio-8081-exec-9] [screenHomeMapper.findCardFlowData] - ==> Parameters: 
2019-02-18 17:11:58,843 DEBUG [http-nio-8081-exec-9] [screenHomeMapper.findCardFlowData] - <==      Total: 3
2019-02-18 17:11:58,843 DEBUG [http-nio-8081-exec-9] [org.mybatis.spring.SqlSessionUtils] - Releasing transactional SqlSession [org.apache.ibatis.session.defaults.DefaultSqlSession@51c422cf]
2019-02-18 17:11:58,843 DEBUG [http-nio-8081-exec-9] [org.mybatis.spring.SqlSessionUtils] - Transaction synchronization committing SqlSession [org.apache.ibatis.session.defaults.DefaultSqlSession@51c422cf]
2019-02-18 17:11:58,843 DEBUG [http-nio-8081-exec-9] [org.mybatis.spring.SqlSessionUtils] - Transaction synchronization deregistering SqlSession [org.apache.ibatis.session.defaults.DefaultSqlSession@51c422cf]
2019-02-18 17:11:58,848 DEBUG [http-nio-8081-exec-9] [org.mybatis.spring.SqlSessionUtils] - Transaction synchronization closing SqlSession [org.apache.ibatis.session.defaults.DefaultSqlSession@51c422cf]
2019-02-18 17:11:58,910 DEBUG [http-nio-8081-exec-4] [org.mybatis.spring.SqlSessionUtils] - Creating a new SqlSession
2019-02-18 17:11:58,910 DEBUG [http-nio-8081-exec-4] [org.mybatis.spring.SqlSessionUtils] - Registering transaction synchronization for SqlSession [org.apache.ibatis.session.defaults.DefaultSqlSession@24373779]
2019-02-18 17:11:58,911 DEBUG [http-nio-8081-exec-4] [org.mybatis.spring.transaction.SpringManagedTransaction] - JDBC Connection [com.alibaba.druid.proxy.jdbc.ConnectionProxyImpl@5de17c3d] will be managed by Spring
2019-02-18 17:11:58,911 DEBUG [http-nio-8081-exec-4] [screenHomeMapper.selectGeneralWarningDatas] - ==>  Preparing: SELECT CAST(sum(CASE WHEN cpuused > 50 or memused > 80 or moduletemperature > 45 THEN 1 ELSE 0 END) AS SIGNED) AS generalStatusNum FROM b_ct_warning_mld WHERE 1 = 1 AND status = 0 and snr >= 9 and signalstrength >= -100; 
2019-02-18 17:11:58,988 DEBUG [http-nio-8081-exec-3] [org.mybatis.spring.SqlSessionUtils] - Creating a new SqlSession
2019-02-18 17:11:58,989 DEBUG [http-nio-8081-exec-3] [org.mybatis.spring.SqlSessionUtils] - Registering transaction synchronization for SqlSession [org.apache.ibatis.session.defaults.DefaultSqlSession@5e43d072]
2019-02-18 17:11:58,989 DEBUG [http-nio-8081-exec-3] [org.mybatis.spring.transaction.SpringManagedTransaction] - JDBC Connection [com.alibaba.druid.proxy.jdbc.ConnectionProxyImpl@6185cb0] will be managed by Spring
2019-02-18 17:11:58,989 DEBUG [http-nio-8081-exec-3] [screenHomeMapper.getCountCard] - ==>  Preparing: SELECT CAST(count(*) AS SIGNED) as countCard, CAST( sum(CASE WHEN onlinestatus = 1 THEN 1 ELSE 0 END) AS SIGNED )AS nozaixian , CAST( sum(CASE WHEN onlinestatus = 0 THEN 1 ELSE 0 END) AS SIGNED )AS zaixian , CAST(sum(CASE WHEN used = 0 or used IS NULL THEN 1 ELSE 0 END) AS SIGNED)AS unUsedFlowNum, CAST(sum(CASE WHEN ismaxpkginfo =0 THEN 1 ELSE 0 END) AS SIGNED)AS chaoliu, CAST(sum(CASE WHEN operator=1 THEN 1 ELSE 0 END) AS SIGNED)AS ydnum, CAST(sum(CASE WHEN operator=2 THEN 1 ELSE 0 END) AS SIGNED)AS ltnum, CAST(sum(CASE WHEN operator=3 THEN 1 ELSE 0 END) AS SIGNED)AS dxnum, CAST(sum(CASE WHEN businessstatus=2 THEN 1 ELSE 0 END) AS SIGNED)AS tingji, CAST(sum(CASE WHEN businesstype=1 THEN 1 ELSE 0 END) AS SIGNED)AS pwnum, CAST(sum(CASE WHEN businesstype=2 THEN 1 ELSE 0 END) AS SIGNED)AS jlnum, CAST(sum(CASE WHEN businesstype=3 THEN 1 ELSE 0 END) AS SIGNED)AS cdznum, CAST(sum(CASE WHEN businesstype=4 THEN 1 ELSE 0 END) AS SIGNED)AS sdjcnum, CAST(sum(CASE WHEN businesstype=5 THEN 1 ELSE 0 END) AS SIGNED)AS dynum, CAST(sum(CASE WHEN businesstype=6 THEN 1 ELSE 0 END) AS SIGNED)AS jcnum, CAST(sum(CASE WHEN businesstype=7 THEN 1 ELSE 0 END) AS SIGNED)AS fknum, CAST(sum(CASE WHEN businesstype=8 THEN 1 ELSE 0 END) AS SIGNED)AS pdnum FROM b_nc_card WHERE delstatus='1' 
2019-02-18 17:11:59,008 DEBUG [http-nio-8081-exec-3] [screenHomeMapper.getCountCard] - ==> Parameters: 
2019-02-18 17:11:59,051 DEBUG [http-nio-8081-exec-3] [screenHomeMapper.getCountCard] - <==      Total: 1
2019-02-18 17:11:59,051 DEBUG [http-nio-8081-exec-3] [org.mybatis.spring.SqlSessionUtils] - Releasing transactional SqlSession [org.apache.ibatis.session.defaults.DefaultSqlSession@5e43d072]
2019-02-18 17:11:59,052 DEBUG [http-nio-8081-exec-3] [org.mybatis.spring.SqlSessionUtils] - Transaction synchronization committing SqlSession [org.apache.ibatis.session.defaults.DefaultSqlSession@5e43d072]
2019-02-18 17:11:59,052 DEBUG [http-nio-8081-exec-3] [org.mybatis.spring.SqlSessionUtils] - Transaction synchronization deregistering SqlSession [org.apache.ibatis.session.defaults.DefaultSqlSession@5e43d072]
2019-02-18 17:11:59,052 DEBUG [http-nio-8081-exec-3] [org.mybatis.spring.SqlSessionUtils] - Transaction synchronization closing SqlSession [org.apache.ibatis.session.defaults.DefaultSqlSession@5e43d072]
2019-02-18 17:11:59,106 DEBUG [http-nio-8081-exec-4] [screenHomeMapper.selectGeneralWarningDatas] - ==> Parameters: 
2019-02-18 17:11:59,152 DEBUG [http-nio-8081-exec-4] [screenHomeMapper.selectGeneralWarningDatas] - <==      Total: 1
2019-02-18 17:11:59,153 DEBUG [http-nio-8081-exec-4] [org.mybatis.spring.SqlSessionUtils] - Releasing transactional SqlSession [org.apache.ibatis.session.defaults.DefaultSqlSession@24373779]
2019-02-18 17:11:59,153 DEBUG [http-nio-8081-exec-4] [org.mybatis.spring.SqlSessionUtils] - Transaction synchronization committing SqlSession [org.apache.ibatis.session.defaults.DefaultSqlSession@24373779]
2019-02-18 17:11:59,153 DEBUG [http-nio-8081-exec-4] [org.mybatis.spring.SqlSessionUtils] - Transaction synchronization deregistering SqlSession [org.apache.ibatis.session.defaults.DefaultSqlSession@24373779]
2019-02-18 17:11:59,153 DEBUG [http-nio-8081-exec-4] [org.mybatis.spring.SqlSessionUtils] - Transaction synchronization closing SqlSession [org.apache.ibatis.session.defaults.DefaultSqlSession@24373779]
2019-02-18 17:11:59,176 DEBUG [http-nio-8081-exec-5] [org.mybatis.spring.SqlSessionUtils] - Creating a new SqlSession
2019-02-18 17:11:59,177 DEBUG [http-nio-8081-exec-5] [org.mybatis.spring.SqlSessionUtils] - Registering transaction synchronization for SqlSession [org.apache.ibatis.session.defaults.DefaultSqlSession@7b58b92e]
2019-02-18 17:11:59,177 DEBUG [http-nio-8081-exec-5] [org.mybatis.spring.transaction.SpringManagedTransaction] - JDBC Connection [com.alibaba.druid.proxy.jdbc.ConnectionProxyImpl@6185cb0] will be managed by Spring
2019-02-18 17:11:59,177 DEBUG [http-nio-8081-exec-5] [screenHomeMapper.selectUnWarningDatas] - ==>  Preparing: SELECT CAST(count(*) AS SIGNED) as unWarningNum FROM b_ct_warning_mld WHERE 1 = 1 AND status = 1 
2019-02-18 17:11:59,181 DEBUG [http-nio-8081-exec-5] [screenHomeMapper.selectUnWarningDatas] - ==> Parameters: 
2019-02-18 17:11:59,225 DEBUG [http-nio-8081-exec-5] [screenHomeMapper.selectUnWarningDatas] - <==      Total: 1
2019-02-18 17:11:59,225 DEBUG [http-nio-8081-exec-5] [org.mybatis.spring.SqlSessionUtils] - Releasing transactional SqlSession [org.apache.ibatis.session.defaults.DefaultSqlSession@7b58b92e]
2019-02-18 17:11:59,225 DEBUG [http-nio-8081-exec-5] [org.mybatis.spring.SqlSessionUtils] - Transaction synchronization committing SqlSession [org.apache.ibatis.session.defaults.DefaultSqlSession@7b58b92e]
2019-02-18 17:11:59,225 DEBUG [http-nio-8081-exec-5] [org.mybatis.spring.SqlSessionUtils] - Transaction synchronization deregistering SqlSession [org.apache.ibatis.session.defaults.DefaultSqlSession@7b58b92e]
2019-02-18 17:11:59,225 DEBUG [http-nio-8081-exec-5] [org.mybatis.spring.SqlSessionUtils] - Transaction synchronization closing SqlSession [org.apache.ibatis.session.defaults.DefaultSqlSession@7b58b92e]
2019-02-18 17:11:59,301 DEBUG [http-nio-8081-exec-7] [org.mybatis.spring.SqlSessionUtils] - Creating a new SqlSession
2019-02-18 17:11:59,301 DEBUG [http-nio-8081-exec-7] [org.mybatis.spring.SqlSessionUtils] - Registering transaction synchronization for SqlSession [org.apache.ibatis.session.defaults.DefaultSqlSession@6640c0b4]
2019-02-18 17:11:59,302 DEBUG [http-nio-8081-exec-7] [org.mybatis.spring.transaction.SpringManagedTransaction] - JDBC Connection [com.alibaba.druid.proxy.jdbc.ConnectionProxyImpl@5de17c3d] will be managed by Spring
2019-02-18 17:11:59,302 DEBUG [http-nio-8081-exec-7] [screenHomeMapper.selectSeriousWarningDatas] - ==>  Preparing: SELECT CAST(count(*) AS SIGNED) as totalWarningNum, CAST(sum(CASE WHEN snr < 9 or signalstrength < -100 THEN 1 ELSE 0 END) AS SIGNED) AS seriousStatusNum FROM b_ct_warning_mld WHERE 1 = 1 AND status = 0 ; 
2019-02-18 17:11:59,307 DEBUG [http-nio-8081-exec-7] [screenHomeMapper.selectSeriousWarningDatas] - ==> Parameters: 
2019-02-18 17:11:59,348 DEBUG [http-nio-8081-exec-7] [screenHomeMapper.selectSeriousWarningDatas] - <==      Total: 1
2019-02-18 17:11:59,349 DEBUG [http-nio-8081-exec-1] [org.mybatis.spring.SqlSessionUtils] - Creating a new SqlSession
2019-02-18 17:11:59,349 DEBUG [http-nio-8081-exec-7] [org.mybatis.spring.SqlSessionUtils] - Releasing transactional SqlSession [org.apache.ibatis.session.defaults.DefaultSqlSession@6640c0b4]
2019-02-18 17:11:59,349 DEBUG [http-nio-8081-exec-1] [org.mybatis.spring.SqlSessionUtils] - Registering transaction synchronization for SqlSession [org.apache.ibatis.session.defaults.DefaultSqlSession@4cfe9807]
2019-02-18 17:11:59,349 DEBUG [http-nio-8081-exec-7] [org.mybatis.spring.SqlSessionUtils] - Transaction synchronization committing SqlSession [org.apache.ibatis.session.defaults.DefaultSqlSession@6640c0b4]
2019-02-18 17:11:59,349 DEBUG [http-nio-8081-exec-7] [org.mybatis.spring.SqlSessionUtils] - Transaction synchronization deregistering SqlSession [org.apache.ibatis.session.defaults.DefaultSqlSession@6640c0b4]
2019-02-18 17:11:59,349 DEBUG [http-nio-8081-exec-1] [org.mybatis.spring.transaction.SpringManagedTransaction] - JDBC Connection [com.alibaba.druid.proxy.jdbc.ConnectionProxyImpl@6185cb0] will be managed by Spring
2019-02-18 17:11:59,350 DEBUG [http-nio-8081-exec-1] [screenHomeMapper.selectOutLineDatas] - ==>  Preparing: SELECT CAST(count(*) AS SIGNED) as outLineNum FROM b_ct_terminal WHERE 1 = 1 AND status = 0 
2019-02-18 17:11:59,351 DEBUG [http-nio-8081-exec-1] [screenHomeMapper.selectOutLineDatas] - ==> Parameters: 
2019-02-18 17:11:59,349 DEBUG [http-nio-8081-exec-7] [org.mybatis.spring.SqlSessionUtils] - Transaction synchronization closing SqlSession [org.apache.ibatis.session.defaults.DefaultSqlSession@6640c0b4]
2019-02-18 17:11:59,392 DEBUG [http-nio-8081-exec-1] [screenHomeMapper.selectOutLineDatas] - <==      Total: 1
2019-02-18 17:11:59,392 DEBUG [http-nio-8081-exec-1] [org.mybatis.spring.SqlSessionUtils] - Releasing transactional SqlSession [org.apache.ibatis.session.defaults.DefaultSqlSession@4cfe9807]
2019-02-18 17:11:59,392 DEBUG [http-nio-8081-exec-1] [org.mybatis.spring.SqlSessionUtils] - Transaction synchronization committing SqlSession [org.apache.ibatis.session.defaults.DefaultSqlSession@4cfe9807]
2019-02-18 17:11:59,392 DEBUG [http-nio-8081-exec-1] [org.mybatis.spring.SqlSessionUtils] - Transaction synchronization deregistering SqlSession [org.apache.ibatis.session.defaults.DefaultSqlSession@4cfe9807]
2019-02-18 17:11:59,392 DEBUG [http-nio-8081-exec-1] [org.mybatis.spring.SqlSessionUtils] - Transaction synchronization closing SqlSession [org.apache.ibatis.session.defaults.DefaultSqlSession@4cfe9807]
2019-02-18 17:11:59,454 DEBUG [http-nio-8081-exec-6] [org.mybatis.spring.SqlSessionUtils] - Creating a new SqlSession
2019-02-18 17:11:59,454 DEBUG [http-nio-8081-exec-6] [org.mybatis.spring.SqlSessionUtils] - Registering transaction synchronization for SqlSession [org.apache.ibatis.session.defaults.DefaultSqlSession@2e0ff291]
2019-02-18 17:11:59,455 DEBUG [http-nio-8081-exec-6] [org.mybatis.spring.transaction.SpringManagedTransaction] - JDBC Connection [com.alibaba.druid.proxy.jdbc.ConnectionProxyImpl@224767d7] will be managed by Spring
2019-02-18 17:11:59,455 DEBUG [http-nio-8081-exec-6] [screenHomeMapper.selectFactorycodeGroup] - ==>  Preparing: SELECT count(a.factorycode)as codenum ,b.`code` ,b.dvalue FROM b_ct_warning_mld a RIGHT JOIN t_system_dictionary b on a.factorycode = b.code and a.`status`=0 WHERE dgroup='factory_type' GROUP BY b.code 
2019-02-18 17:11:59,467 DEBUG [http-nio-8081-exec-6] [screenHomeMapper.selectFactorycodeGroup] - ==> Parameters: 
2019-02-18 17:11:59,510 DEBUG [http-nio-8081-exec-6] [screenHomeMapper.selectFactorycodeGroup] - <==      Total: 6
2019-02-18 17:11:59,511 DEBUG [http-nio-8081-exec-6] [org.mybatis.spring.SqlSessionUtils] - Releasing transactional SqlSession [org.apache.ibatis.session.defaults.DefaultSqlSession@2e0ff291]
2019-02-18 17:11:59,511 DEBUG [http-nio-8081-exec-6] [org.mybatis.spring.SqlSessionUtils] - Transaction synchronization committing SqlSession [org.apache.ibatis.session.defaults.DefaultSqlSession@2e0ff291]
2019-02-18 17:11:59,511 DEBUG [http-nio-8081-exec-6] [org.mybatis.spring.SqlSessionUtils] - Transaction synchronization deregistering SqlSession [org.apache.ibatis.session.defaults.DefaultSqlSession@2e0ff291]
2019-02-18 17:11:59,511 DEBUG [http-nio-8081-exec-6] [org.mybatis.spring.SqlSessionUtils] - Transaction synchronization closing SqlSession [org.apache.ibatis.session.defaults.DefaultSqlSession@2e0ff291]
2019-02-18 17:12:51,748 DEBUG [http-nio-8081-exec-8] [org.mybatis.spring.SqlSessionUtils] - Creating a new SqlSession
2019-02-18 17:12:51,748 DEBUG [http-nio-8081-exec-8] [org.mybatis.spring.SqlSessionUtils] - SqlSession [org.apache.ibatis.session.defaults.DefaultSqlSession@484a3d38] was not registered for synchronization because synchronization is not active
2019-02-18 17:12:51,749 DEBUG [http-nio-8081-exec-8] [org.mybatis.spring.transaction.SpringManagedTransaction] - JDBC Connection [com.alibaba.druid.proxy.jdbc.ConnectionProxyImpl@224767d7] will not be managed by Spring
2019-02-18 17:12:51,750 DEBUG [http-nio-8081-exec-8] [com.nfdw.mapper.SysMenuMapper.selectAll] - ==>  Preparing: SELECT id,name,p_id,url,order_num,icon,create_by,create_date,update_by,update_date,menu_department,permission,menu_type FROM sys_menu 
2019-02-18 17:12:51,753 DEBUG [http-nio-8081-exec-8] [com.nfdw.mapper.SysMenuMapper.selectAll] - ==> Parameters: 
2019-02-18 17:12:51,869 DEBUG [http-nio-8081-exec-8] [com.nfdw.mapper.SysMenuMapper.selectAll] - <==      Total: 69
2019-02-18 17:12:51,872 DEBUG [http-nio-8081-exec-8] [org.mybatis.spring.SqlSessionUtils] - Closing non transactional SqlSession [org.apache.ibatis.session.defaults.DefaultSqlSession@484a3d38]
